[00:15:07] Using gulpfile /var/www/SIA2/gulpfile.js
[00:15:07] Starting 'phpcs'...
[00:15:07] PHP Code Sniffer found a problem in /var/www/SIA2/app/Http/Controllers/ImgController.php

    FILE: /var/www/SIA2/app/Http/Controllers/ImgController.php
    ----------------------------------------------------------------------
    FOUND 16 ERRORS AFFECTING 5 LINES
    ----------------------------------------------------------------------
     15 | ERROR | [x] Expected 0 spaces between opening bracket and type
        |       |     hint "Request"; 1 found
     15 | ERROR | [x] Expected 0 spaces between argument "$fname" and
        |       |     closing bracket; 1 found
     15 | ERROR | [x] Whitespace found at end of line
     20 | ERROR | [x] Expected 1 space(s) after IF keyword; 0 found
     20 | ERROR | [x] Expected 0 spaces before closing bracket; 1 found
     20 | ERROR | [x] Newline required after opening brace
     26 | ERROR | [x] Only one argument is allowed per line in a
        |       |     multi-line function call
     26 | ERROR | [x] Only one argument is allowed per line in a
        |       |     multi-line function call
     26 | ERROR | [x] Expected 0 spaces between opening bracket and
        |       |     argument "$constraint"; 1 found
     26 | ERROR | [x] Expected 0 spaces between argument "$constraint"
        |       |     and closing bracket; 1 found
     34 | ERROR | [x] Expected 0 spaces between opening bracket and type
        |       |     hint "Request"; 1 found
     34 | ERROR | [x] Expected 0 spaces between argument "$fname" and
        |       |     closing bracket; 1 found
     34 | ERROR | [x] Whitespace found at end of line
     39 | ERROR | [x] Expected 1 space(s) after IF keyword; 0 found
     39 | ERROR | [x] Expected 0 spaces before closing bracket; 1 found
     39 | ERROR | [x] Newline required after opening brace
    ----------------------------------------------------------------------
    PHPCBF CAN FIX THE 16 MARKED SNIFF VIOLATIONS AUTOMATICALLY
    ----------------------------------------------------------------------
    
    Time: 23ms; Memory: 6Mb
    
    
[00:15:07] PHP Code Sniffer found a problem in /var/www/SIA2/app/Http/Controllers/ReceiptController.php

    FILE: /var/www/SIA2/app/Http/Controllers/ReceiptController.php
    ----------------------------------------------------------------------
    FOUND 26 ERRORS AFFECTING 14 LINES
    ----------------------------------------------------------------------
      20 | ERROR | [x] Expected 0 spaces between opening bracket and type
         |       |     hint "Group"; 1 found
      20 | ERROR | [x] Expected 0 spaces between argument "$group" and
         |       |     closing bracket; 1 found
      41 | ERROR | [x] Whitespace found at end of line
      58 | ERROR | [x] Expected 0 spaces between opening bracket and type
         |       |     hint "Request"; 1 found
      58 | ERROR | [x] Expected 0 spaces between argument "$request" and
         |       |     closing bracket; 1 found
      58 | ERROR | [x] Whitespace found at end of line
      64 | ERROR | [x] Only one argument is allowed per line in a
         |       |     multi-line function call
      68 | ERROR | [x] Whitespace found at end of line
      91 | ERROR | [x] Expected 0 spaces between opening bracket and type
         |       |     hint "Receipt"; 1 found
      91 | ERROR | [x] Expected 0 spaces between argument "$receipt" and
         |       |     closing bracket; 1 found
      91 | ERROR | [x] Whitespace found at end of line
      94 | ERROR | [x] Expected 0 spaces before closing bracket; 1 found
      94 | ERROR | [x] Newline required after opening brace
     114 | ERROR | [x] Expected 0 spaces between opening bracket and type
         |       |     hint "Request"; 1 found
     114 | ERROR | [x] Expected 0 spaces between argument "$receipt" and
         |       |     closing bracket; 1 found
     114 | ERROR | [x] Whitespace found at end of line
     117 | ERROR | [x] Expected 0 spaces before closing bracket; 1 found
     117 | ERROR | [x] Newline required after opening brace
     123 | ERROR | [x] Only one argument is allowed per line in a
         |       |     multi-line function call
     127 | ERROR | [x] Whitespace found at end of line
     133 | ERROR | [x] Expected 0 spaces before closing bracket; 1 found
     152 | ERROR | [x] Expected 0 spaces between opening bracket and type
         |       |     hint "Receipt"; 1 found
     152 | ERROR | [x] Expected 0 spaces between argument "$receipt" and
         |       |     closing bracket; 1 found
     152 | ERROR | [x] Whitespace found at end of line
     155 | ERROR | [x] Expected 0 spaces before closing bracket; 1 found
     155 | ERROR | [x] Newline required after opening brace
    ----------------------------------------------------------------------
    PHPCBF CAN FIX THE 26 MARKED SNIFF VIOLATIONS AUTOMATICALLY
    ----------------------------------------------------------------------
    
    Time: 31ms; Memory: 6Mb
    
    
[00:15:07] PHP Code Sniffer found a problem in /var/www/SIA2/app/Http/Controllers/UserController.php

    FILE: /var/www/SIA2/app/Http/Controllers/UserController.php
    ----------------------------------------------------------------------
    FOUND 34 ERRORS AFFECTING 17 LINES
    ----------------------------------------------------------------------
      22 | ERROR | [x] Expected 1 space(s) after IF keyword; 0 found
      22 | ERROR | [x] Expected 0 spaces before closing bracket; 1 found
      22 | ERROR | [x] Newline required after opening brace
      43 | ERROR | [x] Whitespace found at end of line
      45 | ERROR | [x] Expected 1 space(s) after IF keyword; 0 found
      45 | ERROR | [x] Expected 0 spaces before closing bracket; 1 found
      45 | ERROR | [x] Newline required after opening brace
      57 | ERROR | [x] Expected 0 spaces between opening bracket and type
         |       |     hint "Request"; 1 found
      57 | ERROR | [x] Expected 0 spaces between argument "$request" and
         |       |     closing bracket; 1 found
      59 | ERROR | [x] Expected 1 space(s) after IF keyword; 0 found
      59 | ERROR | [x] Expected 0 spaces before closing bracket; 1 found
      59 | ERROR | [x] Newline required after opening brace
      63 | ERROR | [x] Only one argument is allowed per line in a
         |       |     multi-line function call
      68 | ERROR | [x] Whitespace found at end of line
      89 | ERROR | [x] Expected 0 spaces between opening bracket and type
         |       |     hint "User"; 1 found
      89 | ERROR | [x] Expected 0 spaces between argument "$user" and
         |       |     closing bracket; 1 found
      91 | ERROR | [x] Expected 1 space(s) after IF keyword; 0 found
      91 | ERROR | [x] Expected 0 spaces before closing bracket; 1 found
      91 | ERROR | [x] Newline required after opening brace
     104 | ERROR | [x] Expected 0 spaces between opening bracket and type
         |       |     hint "User"; 1 found
     104 | ERROR | [x] Expected 0 spaces between argument "$request" and
         |       |     closing bracket; 1 found
     106 | ERROR | [x] Expected 1 space(s) after IF keyword; 0 found
     106 | ERROR | [x] Expected 0 spaces before closing bracket; 1 found
     106 | ERROR | [x] Newline required after opening brace
     110 | ERROR | [x] Only one argument is allowed per line in a
         |       |     multi-line function call
     115 | ERROR | [x] Whitespace found at end of line
     123 | ERROR | [x] Expected 0 spaces before closing bracket; 1 found
     127 | ERROR | [x] Expected 0 spaces before closing bracket; 1 found
     143 | ERROR | [x] Expected 0 spaces between opening bracket and type
         |       |     hint "User"; 1 found
     143 | ERROR | [x] Expected 0 spaces between argument "$user" and
         |       |     closing bracket; 1 found
     143 | ERROR | [x] Whitespace found at end of line
     145 | ERROR | [x] Expected 1 space(s) after IF keyword; 0 found
     145 | ERROR | [x] Expected 0 spaces before closing bracket; 1 found
     145 | ERROR | [x] Newline required after opening brace
    ----------------------------------------------------------------------
    PHPCBF CAN FIX THE 34 MARKED SNIFF VIOLATIONS AUTOMATICALLY
    ----------------------------------------------------------------------
    
    Time: 30ms; Memory: 6Mb
    
    
[00:15:07] Finished 'phpcs' after 467 ms
